<?xml version="1.0" encoding="UTF-8"?>
<!-- Generated by org.testng.reporters.JUnitReportReporter -->
<testsuite skipped="0" hostname="mkatta-W01" name="com.mes.ui.common.DeleteUserByIdTest" tests="1" failures="0" timestamp="17 Apr 2020 20:22:15 GMT" time="2.279" errors="0">
  <testcase name="deleteUserByID" time="2.279" classname="com.mes.ui.common.DeleteUserByIdTest"/>
</testsuite> <!-- com.mes.ui.common.DeleteUserByIdTest -->
