<?xml version="1.0" encoding="UTF-8"?>
<!-- Generated by org.testng.reporters.JUnitReportReporter -->
<testsuite skipped="0" hostname="mkatta-W01" name="com.mes.api.test.get" tests="1" failures="0" timestamp="14 Apr 2020 00:34:16 GMT" time="2.898" errors="0">
  <testcase name="getMethod" time="2.898" classname="com.mes.api.test.get"/>
</testsuite> <!-- com.mes.api.test.get -->
