<?xml version="1.0" encoding="UTF-8"?>
<!-- Generated by org.testng.reporters.JUnitReportReporter -->
<testsuite skipped="0" hostname="mkatta-W01" name="com.mes.api.test.ValidateUsers" tests="1" failures="0" timestamp="15 Apr 2020 21:47:10 GMT" time="0.007" errors="0">
  <testcase name="verifyStatusCode" time="0.007" classname="com.mes.api.test.ValidateUsers"/>
</testsuite> <!-- com.mes.api.test.ValidateUsers -->
