<?xml version="1.0" encoding="UTF-8"?>
<!-- Generated by org.testng.reporters.JUnitReportReporter -->
<testsuite skipped="0" hostname="mkatta-W01" name="com.mes.ui.common.DeleteUserById" tests="1" failures="0" timestamp="16 Apr 2020 13:51:07 GMT" time="2.684" errors="0">
  <testcase name="deleteUserByID" time="2.684" classname="com.mes.ui.common.DeleteUserById"/>
</testsuite> <!-- com.mes.ui.common.DeleteUserById -->
