<?xml version="1.0" encoding="UTF-8"?>
<!-- Generated by org.testng.reporters.JUnitReportReporter -->
<testsuite skipped="0" hostname="mkatta-W01" name="com.mes.ui.common.AddNewUserTest" tests="1" failures="0" timestamp="20 Apr 2020 15:59:04 GMT" time="1.744" errors="0">
  <testcase name="AddNewUser" time="1.744" classname="com.mes.ui.common.AddNewUserTest"/>
</testsuite> <!-- com.mes.ui.common.AddNewUserTest -->
