<?xml version="1.0" encoding="UTF-8"?>
<!-- Generated by org.testng.reporters.JUnitReportReporter -->
<testsuite skipped="0" hostname="mkatta-W01" name="com.mes.api.test.ValidatePosts" tests="2" failures="0" timestamp="15 Apr 2020 22:32:38 GMT" time="0.725" errors="0">
  <testcase name="updatePostForId" time="0.722" classname="com.mes.api.test.ValidatePosts"/>
  <testcase name="verifyStatusCode" time="0.003" classname="com.mes.api.test.ValidatePosts"/>
</testsuite> <!-- com.mes.api.test.ValidatePosts -->
