<?xml version="1.0" encoding="UTF-8"?>
<!-- Generated by org.testng.reporters.JUnitReportReporter -->
<testsuite skipped="0" hostname="mkatta-W01" name="com.mes.api.test.ValidateComments" tests="2" failures="0" timestamp="14 Apr 2020 21:48:25 GMT" time="0.652" errors="0">
  <testcase name="verifyStatusCode" time="0.002" classname="com.mes.api.test.ValidateComments"/>
  <testcase name="verifyAddedComment" time="0.650" classname="com.mes.api.test.ValidateComments"/>
</testsuite> <!-- com.mes.api.test.ValidateComments -->
