<?xml version="1.0" encoding="UTF-8"?>
<!-- Generated by org.testng.reporters.JUnitReportReporter -->
<testsuite skipped="0" hostname="mkatta-W01" name="com.mes.ui.common.VerifyFiltersTest" tests="1" failures="0" timestamp="16 Apr 2020 15:32:29 GMT" time="1.246" errors="0">
  <testcase name="filterUserName" time="1.246" classname="com.mes.ui.common.VerifyFiltersTest"/>
</testsuite> <!-- com.mes.ui.common.VerifyFiltersTest -->
