<?xml version="1.0" encoding="UTF-8"?>
<!-- Generated by org.testng.reporters.JUnitReportReporter -->
<testsuite skipped="0" hostname="mkatta-W01" name="com.mes.ui.common.ExampleTest" tests="1" failures="0" timestamp="16 Apr 2020 01:03:40 GMT" time="11.416" errors="0">
  <testcase name="launchFireFoxBrowser" time="11.416" classname="com.mes.ui.common.ExampleTest"/>
</testsuite> <!-- com.mes.ui.common.ExampleTest -->
